{"G:\\coding\\vite\\react-test-components\\src\\components\\FetchDataWithAPI\\FetchDataWithAPI.tsx": {"path":"G:\\coding\\vite\\react-test-components\\src\\components\\FetchDataWithAPI\\FetchDataWithAPI.tsx","statementMap":{"0":{"start":{"line":1,"column":0},"end":{"line":1,"column":44}},"1":{"start":{"line":3,"column":0},"end":{"line":3,"column":35}},"2":{"start":{"line":5,"column":25},"end":{"line":28,"column":1}},"3":{"start":{"line":6,"column":27},"end":{"line":6,"column":47}},"4":{"start":{"line":8,"column":18},"end":{"line":11,"column":2}},"5":{"start":{"line":9,"column":17},"end":{"line":9,"column":35}},"6":{"start":{"line":10,"column":2},"end":{"line":10,"column":19}},"7":{"start":{"line":13,"column":1},"end":{"line":15,"column":8}},"8":{"start":{"line":14,"column":2},"end":{"line":14,"column":13}},"9":{"start":{"line":17,"column":1},"end":{"line":27,"column":3}},"10":{"start":{"line":21,"column":4},"end":{"line":21,"column":null}},"11":{"start":{"line":30,"column":0},"end":{"line":30,"column":32}}},"fnMap":{"0":{"name":"(anonymous_0)","decl":{"start":{"line":5,"column":25},"end":{"line":5,"column":28}},"loc":{"start":{"line":5,"column":30},"end":{"line":28,"column":1}}},"1":{"name":"(anonymous_1)","decl":{"start":{"line":8,"column":18},"end":{"line":8,"column":23}},"loc":{"start":{"line":8,"column":29},"end":{"line":11,"column":2}}},"2":{"name":"(anonymous_2)","decl":{"start":{"line":13,"column":11},"end":{"line":13,"column":14}},"loc":{"start":{"line":13,"column":16},"end":{"line":15,"column":2}}},"3":{"name":"(anonymous_3)","decl":{"start":{"line":20,"column":14},"end":{"line":20,"column":15}},"loc":{"start":{"line":21,"column":4},"end":{"line":21,"column":null}}}},"branchMap":{},"s":{"0":1,"1":1,"2":1,"3":4,"4":3,"5":2,"6":2,"7":3,"8":2,"9":3,"10":1,"11":1},"f":{"0":4,"1":2,"2":2,"3":1},"b":{}}
,"G:\\coding\\vite\\react-test-components\\src\\components\\FetchDataWithAPI\\api.ts": {"path":"G:\\coding\\vite\\react-test-components\\src\\components\\FetchDataWithAPI\\api.ts","statementMap":{"0":{"start":{"line":1,"column":26},"end":{"line":7,"column":1}},"1":{"start":{"line":2,"column":13},"end":{"line":3,"column":null}},"2":{"start":{"line":5,"column":15},"end":{"line":5,"column":31}},"3":{"start":{"line":6,"column":1},"end":{"line":6,"column":14}},"4":{"start":{"line":1,"column":13},"end":{"line":1,"column":26}}},"fnMap":{"0":{"name":"(anonymous_0)","decl":{"start":{"line":1,"column":26},"end":{"line":1,"column":31}},"loc":{"start":{"line":1,"column":37},"end":{"line":7,"column":1}}}},"branchMap":{},"s":{"0":1,"1":0,"2":0,"3":0,"4":1},"f":{"0":0},"b":{}}
}
